Build started 2014/12/25 19:23:47.
     1>Project "D:\Projects\NetBase\netbase\netbase.vcxproj" on node 2 (build target(s)).
     1>InitializeBuildStatus:
         Touching "Debug\netbase.unsuccessfulbuild".
       ClCompile:
         C:\Program Files (x86)\Microsoft Visual Studio 10.0\VC\bin\CL.exe /c /ZI /nologo /W3 /WX- /Od /Oy- /D WIN32 /D _DEBUG /D _CONSOLE /D _UNICODE /D UNICODE /Gm /EHsc /RTC1 /MDd /GS /fp:precise /Zc:wchar_t /Zc:forScope /Fo"Debug\\" /Fd"Debug\vc100.pdb" /Gd /TP /analyze- /errorReport:prompt ..\connbaseimp.cpp
         connbaseimp.cpp
     1>d:\projects\netbase\connbaseimp.cpp(9): warning C4355: 'this' : used in base member initializer list
     1>d:\projects\netbase\connbaseimp.cpp(35): warning C4355: 'this' : used in base member initializer list
     1>d:\projects\netbase\connbaseimp.cpp(380): warning C4018: '<' : signed/unsigned mismatch
       ManifestResourceCompile:
         All outputs are up-to-date.
       Link:
         C:\Program Files (x86)\Microsoft Visual Studio 10.0\VC\bin\link.exe /ERRORREPORT:PROMPT /OUT:"D:\Projects\NetBase\netbase\Debug\netbase.exe" /INCREMENTAL /NOLOGO kernel32.lib user32.lib gdi32.lib winspool.lib comdlg32.lib advapi32.lib shell32.lib ole32.lib oleaut32.lib uuid.lib odbc32.lib odbccp32.lib kernel32.lib user32.lib gdi32.lib winspool.lib comdlg32.lib advapi32.lib shell32.lib ole32.lib oleaut32.lib uuid.lib odbc32.lib odbccp32.lib ws2_32.lib wsock32.lib libevent.lib libevent_core.lib libevent_extras.lib /MANIFEST /ManifestFile:"Debug\netbase.exe.intermediate.manifest" /MANIFESTUAC:"level='asInvoker' uiAccess='false'" /DEBUG /PDB:"D:\Projects\NetBase\netbase\Debug\netbase.pdb" /SUBSYSTEM:CONSOLE /TLBID:1 /DYNAMICBASE /NXCOMPAT /IMPLIB:"D:\Projects\NetBase\netbase\Debug\netbase.lib" /MACHINE:X86 Debug\netbase.exe.embed.manifest.res
         Debug\connbaseimp.obj
         Debug\eventlooperimp.obj
         Debug\test.obj
       Manifest:
         C:\Program Files (x86)\Microsoft SDKs\Windows\v7.0A\bin\mt.exe /nologo /verbose /out:"Debug\netbase.exe.embed.manifest" /manifest Debug\netbase.exe.intermediate.manifest
         All outputs are up-to-date.
       LinkEmbedManifest:
         All outputs are up-to-date.
         netbase.vcxproj -> D:\Projects\NetBase\netbase\Debug\netbase.exe
       FinalizeBuildStatus:
         Deleting file "Debug\netbase.unsuccessfulbuild".
         Touching "Debug\netbase.lastbuildstate".
     1>Done Building Project "D:\Projects\NetBase\netbase\netbase.vcxproj" (build target(s)).

Build succeeded.

Time Elapsed 00:00:01.56
